<?xml version="1.0" encoding="UTF-8"?>
<testsuite name="com.paylocity.tests.integrated.DashboardTests" tests="3" skipped="0" failures="0" errors="0" timestamp="2025-09-15T19:31:22.183Z" hostname="REM-MC-241022B.local" time="21.514">
  <properties/>
  <testcase name="addEmployee" classname="com.paylocity.tests.integrated.DashboardTests" time="3.251"/>
  <testcase name="deleteEmployee" classname="com.paylocity.tests.integrated.DashboardTests" time="6.34"/>
  <testcase name="updateEmployee" classname="com.paylocity.tests.integrated.DashboardTests" time="6.382"/>
  <system-out><![CDATA[]]></system-out>
  <system-err><![CDATA[Sep 15, 2025 1:31:20 PM org.openqa.selenium.devtools.CdpVersionFinder findNearestMatch
WARNING: Unable to find CDP implementation matching 140
Sep 15, 2025 1:31:20 PM org.openqa.selenium.chromium.ChromiumDriver lambda$new$5
WARNING: Unable to find version of CDP to use for 140.0.7339.133. You may need to include a dependency on a specific version of the CDP using something similar to `org.seleniumhq.selenium:selenium-devtools-v86:4.24.0` where the version ("v86") matches the version of the chromium-based browser you're using and the version number of the artifact is the same as Selenium's.
]]></system-err>
</testsuite>
